# JRE version: OpenJDK Runtime Environment Corretto-11.0.19.7.1 (11.0.19+7) (build 11.0.19+7-LTS)
# Java VM: OpenJDK 64-Bit Server VM Corretto-11.0.19.7.1 (11.0.19+7-LTS, mixed mode, tiered, compressed oops, g1 gc, windows-amd64)
Heap:
 garbage-first heap   total 262144K, used 184431K [0x00000000e0000000, 0x0000000100000000)
  region size 1024K, 7 young (7168K), 4 survivors (4096K)
 Metaspace       used 91062K, capacity 93535K, committed 93808K, reserved 335872K
  class space    used 11613K, capacity 12557K, committed 12584K, reserved 253952K
GC Heap History (20 events):
Event: 48.512 GC heap before
{Heap before GC invocations=31 (full 0):
 garbage-first heap   total 262144K, used 227786K [0x00000000e0000000, 0x0000000100000000)
  region size 1024K, 117 young (119808K), 4 survivors (4096K)
 Metaspace       used 55947K, capacity 57574K, committed 57852K, reserved 305152K
  class space    used 7138K, capacity 7757K, committed 7808K, reserved 253952K
}
Event: 48.526 GC heap after
{Heap after GC invocations=32 (full 0):
 garbage-first heap   total 262144K, used 117078K [0x00000000e0000000, 0x0000000100000000)
  region size 1024K, 9 young (9216K), 9 survivors (9216K)
 Metaspace       used 55947K, capacity 57574K, committed 57852K, reserved 305152K
  class space    used 7138K, capacity 7757K, committed 7808K, reserved 253952K
}
Event: 50.779 GC heap before
{Heap before GC invocations=32 (full 0):
 garbage-first heap   total 262144K, used 165206K [0x00000000e0000000, 0x0000000100000000)
  region size 1024K, 57 young (58368K), 9 survivors (9216K)
 Metaspace       used 58058K, capacity 59849K, committed 59940K, reserved 307200K
  class space    used 7424K, capacity 8086K, committed 8104K, reserved 253952K
}
Event: 50.798 GC heap after
{Heap after GC invocations=33 (full 0):
 garbage-first heap   total 262144K, used 119536K [0x00000000e0000000, 0x0000000100000000)
  region size 1024K, 8 young (8192K), 8 survivors (8192K)
 Metaspace       used 58058K, capacity 59849K, committed 59940K, reserved 307200K
  class space    used 7424K, capacity 8086K, committed 8104K, reserved 253952K
}
Event: 55.334 GC heap before
{Heap before GC invocations=34 (full 0):
 garbage-first heap   total 262144K, used 215792K [0x00000000e0000000, 0x0000000100000000)
  region size 1024K, 108 young (110592K), 8 survivors (8192K)
 Metaspace       used 58679K, capacity 60620K, committed 60784K, reserved 307200K
  class space    used 7491K, capacity 8210K, committed 8232K, reserved 253952K
}
Event: 55.354 GC heap after
{Heap after GC invocations=35 (full 0):
 garbage-first heap   total 262144K, used 121778K [0x00000000e0000000, 0x0000000100000000)
  region size 1024K, 11 young (11264K), 11 survivors (11264K)
 Metaspace       used 58679K, capacity 60620K, committed 60784K, reserved 307200K
  class space    used 7491K, capacity 8210K, committed 8232K, reserved 253952K
}
Event: 57.666 GC heap before
{Heap before GC invocations=35 (full 0):
 garbage-first heap   total 262144K, used 219058K [0x00000000e0000000, 0x0000000100000000)
  region size 1024K, 106 young (108544K), 11 survivors (11264K)
 Metaspace       used 67051K, capacity 69250K, committed 69488K, reserved 315392K
  class space    used 8521K, capacity 9385K, committed 9512K, reserved 253952K
}
Event: 57.682 GC heap after
{Heap after GC invocations=36 (full 0):
 garbage-first heap   total 262144K, used 124113K [0x00000000e0000000, 0x0000000100000000)
  region size 1024K, 3 young (3072K), 3 survivors (3072K)
 Metaspace       used 67051K, capacity 69250K, committed 69488K, reserved 315392K
  class space    used 8521K, capacity 9385K, committed 9512K, reserved 253952K
}
Event: 58.129 GC heap before
{Heap before GC invocations=36 (full 0):
 garbage-first heap   total 262144K, used 138449K [0x00000000e0000000, 0x0000000100000000)
  region size 1024K, 18 young (18432K), 3 survivors (3072K)
 Metaspace       used 70209K, capacity 72533K, committed 72816K, reserved 317440K
  class space    used 8890K, capacity 9732K, committed 9768K, reserved 253952K
}
Event: 58.138 GC heap after
{Heap after GC invocations=37 (full 0):
 garbage-first heap   total 262144K, used 125670K [0x00000000e0000000, 0x0000000100000000)
  region size 1024K, 5 young (5120K), 5 survivors (5120K)
 Metaspace       used 70209K, capacity 72533K, committed 72816K, reserved 317440K
  class space    used 8890K, capacity 9732K, committed 9768K, reserved 253952K
}
Event: 59.302 GC heap before
{Heap before GC invocations=38 (full 0):
 garbage-first heap   total 262144K, used 191206K [0x00000000e0000000, 0x0000000100000000)
  region size 1024K, 63 young (64512K), 5 survivors (5120K)
 Metaspace       used 73815K, capacity 76069K, committed 76400K, reserved 321536K
  class space    used 9354K, capacity 10191K, committed 10280K, reserved 253952K
}
Event: 59.321 GC heap after
{Heap after GC invocations=39 (full 0):
 garbage-first heap   total 262144K, used 129854K [0x00000000e0000000, 0x0000000100000000)
  region size 1024K, 9 young (9216K), 9 survivors (9216K)
 Metaspace       used 73815K, capacity 76069K, committed 76400K, reserved 321536K
  class space    used 9354K, capacity 10191K, committed 10280K, reserved 253952K
}
Event: 60.645 GC heap before
{Heap before GC invocations=40 (full 0):
 garbage-first heap   total 262144K, used 204606K [0x00000000e0000000, 0x0000000100000000)
  region size 1024K, 81 young (82944K), 9 survivors (9216K)
 Metaspace       used 77154K, capacity 79440K, committed 79728K, reserved 323584K
  class space    used 9806K, capacity 10687K, committed 10792K, reserved 253952K
}
Event: 60.666 GC heap after
{Heap after GC invocations=41 (full 0):
 garbage-first heap   total 262144K, used 134605K [0x00000000e0000000, 0x0000000100000000)
  region size 1024K, 10 young (10240K), 10 survivors (10240K)
 Metaspace       used 77154K, capacity 79440K, committed 79728K, reserved 323584K
  class space    used 9806K, capacity 10687K, committed 10792K, reserved 253952K
}
Event: 62.647 GC heap before
{Heap before GC invocations=41 (full 0):
 garbage-first heap   total 262144K, used 196045K [0x00000000e0000000, 0x0000000100000000)
  region size 1024K, 72 young (73728K), 10 survivors (10240K)
 Metaspace       used 84154K, capacity 86436K, committed 86640K, reserved 329728K
  class space    used 10793K, capacity 11744K, committed 11816K, reserved 253952K
}
Event: 62.674 GC heap after
{Heap after GC invocations=42 (full 0):
 garbage-first heap   total 262144K, used 140815K [0x00000000e0000000, 0x0000000100000000)
  region size 1024K, 11 young (11264K), 11 survivors (11264K)
 Metaspace       used 84154K, capacity 86436K, committed 86640K, reserved 329728K
  class space    used 10793K, capacity 11744K, committed 11816K, reserved 253952K
}
Event: 64.034 GC heap before
{Heap before GC invocations=43 (full 0):
 garbage-first heap   total 262144K, used 239119K [0x00000000e0000000, 0x0000000100000000)
  region size 1024K, 79 young (80896K), 11 survivors (11264K)
 Metaspace       used 86728K, capacity 89289K, committed 89584K, reserved 331776K
  class space    used 11155K, capacity 12130K, committed 12200K, reserved 253952K
}
Event: 64.059 GC heap after
{Heap after GC invocations=44 (full 0):
 garbage-first heap   total 262144K, used 177547K [0x00000000e0000000, 0x0000000100000000)
  region size 1024K, 7 young (7168K), 7 survivors (7168K)
 Metaspace       used 86728K, capacity 89289K, committed 89584K, reserved 331776K
  class space    used 11155K, capacity 12130K, committed 12200K, reserved 253952K
}
Event: 64.624 GC heap before
{Heap before GC invocations=44 (full 0):
 garbage-first heap   total 262144K, used 222603K [0x00000000e0000000, 0x0000000100000000)
  region size 1024K, 51 young (52224K), 7 survivors (7168K)
 Metaspace       used 88351K, capacity 90881K, committed 91120K, reserved 333824K
  class space    used 11366K, capacity 12357K, committed 12456K, reserved 253952K
}
Event: 64.635 GC heap after
{Heap after GC invocations=45 (full 0):
 garbage-first heap   total 262144K, used 180079K [0x00000000e0000000, 0x0000000100000000)
  region size 1024K, 2 young (2048K), 2 survivors (2048K)
 Metaspace       used 88351K, capacity 90881K, committed 91120K, reserved 333824K
  class space    used 11366K, capacity 12357K, committed 12456K, reserved 253952K
}

