# JRE version: OpenJDK Runtime Environment Corretto-11.0.19.7.1 (11.0.19+7) (build 11.0.19+7-LTS)
# Java VM: OpenJDK 64-Bit Server VM Corretto-11.0.19.7.1 (11.0.19+7-LTS, mixed mode, tiered, compressed oops, g1 gc, windows-amd64)
Heap:
 garbage-first heap   total 262144K, used 148311K [0x00000000e0000000, 0x0000000100000000)
  region size 1024K, 37 young (37888K), 2 survivors (2048K)
 Metaspace       used 63190K, capacity 65147K, committed 65316K, reserved 311296K
  class space    used 8025K, capacity 8789K, committed 8908K, reserved 253952K
GC Heap History (18 events):
Event: 1.849 GC heap before
{Heap before GC invocations=0 (full 0):
 garbage-first heap   total 262144K, used 16384K [0x00000000e0000000, 0x0000000100000000)
  region size 1024K, 14 young (14336K), 0 survivors (0K)
 Metaspace       used 6766K, capacity 6987K, committed 7168K, reserved 262144K
  class space    used 572K, capacity 649K, committed 768K, reserved 253952K
}
Event: 1.861 GC heap after
{Heap after GC invocations=1 (full 0):
 garbage-first heap   total 262144K, used 4511K [0x00000000e0000000, 0x0000000100000000)
  region size 1024K, 2 young (2048K), 2 survivors (2048K)
 Metaspace       used 6766K, capacity 6987K, committed 7168K, reserved 262144K
  class space    used 572K, capacity 649K, committed 768K, reserved 253952K
}
Event: 7.529 GC heap before
{Heap before GC invocations=1 (full 0):
 garbage-first heap   total 262144K, used 111007K [0x00000000e0000000, 0x0000000100000000)
  region size 1024K, 104 young (106496K), 2 survivors (2048K)
 Metaspace       used 20771K, capacity 21213K, committed 21296K, reserved 274432K
  class space    used 2507K, capacity 2663K, committed 2688K, reserved 253952K
}
Event: 7.547 GC heap after
{Heap after GC invocations=2 (full 0):
 garbage-first heap   total 262144K, used 17689K [0x00000000e0000000, 0x0000000100000000)
  region size 1024K, 12 young (12288K), 12 survivors (12288K)
 Metaspace       used 20771K, capacity 21213K, committed 21296K, reserved 274432K
  class space    used 2507K, capacity 2663K, committed 2688K, reserved 253952K
}
Event: 8.457 GC heap before
{Heap before GC invocations=3 (full 0):
 garbage-first heap   total 262144K, used 57625K [0x00000000e0000000, 0x0000000100000000)
  region size 1024K, 51 young (52224K), 12 survivors (12288K)
 Metaspace       used 24613K, capacity 25206K, committed 25392K, reserved 276480K
  class space    used 3140K, capacity 3363K, committed 3456K, reserved 253952K
}
Event: 8.476 GC heap after
{Heap after GC invocations=4 (full 0):
 garbage-first heap   total 262144K, used 18850K [0x00000000e0000000, 0x0000000100000000)
  region size 1024K, 2 young (2048K), 2 survivors (2048K)
 Metaspace       used 24613K, capacity 25206K, committed 25392K, reserved 276480K
  class space    used 3140K, capacity 3363K, committed 3456K, reserved 253952K
}
Event: 10.419 GC heap before
{Heap before GC invocations=4 (full 0):
 garbage-first heap   total 262144K, used 109986K [0x00000000e0000000, 0x0000000100000000)
  region size 1024K, 63 young (64512K), 2 survivors (2048K)
 Metaspace       used 30292K, capacity 31182K, committed 31408K, reserved 282624K
  class space    used 4026K, capacity 4352K, committed 4352K, reserved 253952K
}
Event: 10.428 GC heap after
{Heap after GC invocations=5 (full 0):
 garbage-first heap   total 262144K, used 55296K [0x00000000e0000000, 0x0000000100000000)
  region size 1024K, 8 young (8192K), 8 survivors (8192K)
 Metaspace       used 30292K, capacity 31182K, committed 31408K, reserved 282624K
  class space    used 4026K, capacity 4352K, committed 4352K, reserved 253952K
}
Event: 11.462 GC heap before
{Heap before GC invocations=5 (full 0):
 garbage-first heap   total 262144K, used 90112K [0x00000000e0000000, 0x0000000100000000)
  region size 1024K, 43 young (44032K), 8 survivors (8192K)
 Metaspace       used 34599K, capacity 35618K, committed 35708K, reserved 284672K
  class space    used 4648K, capacity 5024K, committed 5068K, reserved 253952K
}
Event: 11.479 GC heap after
{Heap after GC invocations=6 (full 0):
 garbage-first heap   total 262144K, used 56815K [0x00000000e0000000, 0x0000000100000000)
  region size 1024K, 2 young (2048K), 2 survivors (2048K)
 Metaspace       used 34599K, capacity 35618K, committed 35708K, reserved 284672K
  class space    used 4648K, capacity 5024K, committed 5068K, reserved 253952K
}
Event: 13.920 GC heap before
{Heap before GC invocations=7 (full 0):
 garbage-first heap   total 262144K, used 131567K [0x00000000e0000000, 0x0000000100000000)
  region size 1024K, 72 young (73728K), 2 survivors (2048K)
 Metaspace       used 43362K, capacity 44516K, committed 44796K, reserved 292864K
  class space    used 5525K, capacity 5937K, committed 5964K, reserved 253952K
}
Event: 13.938 GC heap after
{Heap after GC invocations=8 (full 0):
 garbage-first heap   total 262144K, used 62947K [0x00000000e0000000, 0x0000000100000000)
  region size 1024K, 8 young (8192K), 8 survivors (8192K)
 Metaspace       used 43362K, capacity 44516K, committed 44796K, reserved 292864K
  class space    used 5525K, capacity 5937K, committed 5964K, reserved 253952K
}
Event: 16.383 GC heap before
{Heap before GC invocations=8 (full 0):
 garbage-first heap   total 262144K, used 173539K [0x00000000e0000000, 0x0000000100000000)
  region size 1024K, 88 young (90112K), 8 survivors (8192K)
 Metaspace       used 49199K, capacity 50578K, committed 50812K, reserved 299008K
  class space    used 6274K, capacity 6819K, committed 6860K, reserved 253952K
}
Event: 16.412 GC heap after
{Heap after GC invocations=9 (full 0):
 garbage-first heap   total 262144K, used 98685K [0x00000000e0000000, 0x0000000100000000)
  region size 1024K, 8 young (8192K), 8 survivors (8192K)
 Metaspace       used 49199K, capacity 50578K, committed 50812K, reserved 299008K
  class space    used 6274K, capacity 6819K, committed 6860K, reserved 253952K
}
Event: 19.550 GC heap before
{Heap before GC invocations=9 (full 0):
 garbage-first heap   total 262144K, used 181629K [0x00000000e0000000, 0x0000000100000000)
  region size 1024K, 87 young (89088K), 8 survivors (8192K)
 Metaspace       used 52457K, capacity 54199K, committed 54524K, reserved 301056K
  class space    used 6709K, capacity 7375K, committed 7500K, reserved 253952K
}
Event: 19.571 GC heap after
{Heap after GC invocations=10 (full 0):
 garbage-first heap   total 262144K, used 111450K [0x00000000e0000000, 0x0000000100000000)
  region size 1024K, 11 young (11264K), 11 survivors (11264K)
 Metaspace       used 52457K, capacity 54199K, committed 54524K, reserved 301056K
  class space    used 6709K, capacity 7375K, committed 7500K, reserved 253952K
}
Event: 20.629 GC heap before
{Heap before GC invocations=10 (full 0):
 garbage-first heap   total 262144K, used 154458K [0x00000000e0000000, 0x0000000100000000)
  region size 1024K, 54 young (55296K), 11 survivors (11264K)
 Metaspace       used 57998K, capacity 59841K, committed 59940K, reserved 307200K
  class space    used 7379K, capacity 8103K, committed 8140K, reserved 253952K
}
Event: 20.651 GC heap after
{Heap after GC invocations=11 (full 0):
 garbage-first heap   total 262144K, used 113495K [0x00000000e0000000, 0x0000000100000000)
  region size 1024K, 2 young (2048K), 2 survivors (2048K)
 Metaspace       used 57998K, capacity 59841K, committed 59940K, reserved 307200K
  class space    used 7379K, capacity 8103K, committed 8140K, reserved 253952K
}

