# JRE version: OpenJDK Runtime Environment (17.0.6) (build 17.0.6+0-b2043.56-9586694)
# Java VM: OpenJDK 64-Bit Server VM (17.0.6+0-b2043.56-9586694, mixed mode, tiered, compressed oops, compressed class ptrs, g1 gc, windows-amd64)
GC Precious Log:
 CPUs: 4 total, 4 available
 Memory: 8067M
 Large Page Support: Disabled
 NUMA Support: Disabled
 Compressed Oops: Enabled (32-bit)
 Heap Region Size: 1M
 Heap Min Capacity: 256M
 Heap Initial Capacity: 256M
 Heap Max Capacity: 512M
 Pre-touch: Disabled
 Parallel Workers: 4
 Concurrent Workers: 1
 Concurrent Refinement Workers: 4
 Periodic GC: Disabled
Heap:
 garbage-first heap   total 262144K, used 97345K [0x00000000e0000000, 0x0000000100000000)
  region size 1024K, 80 young (81920K), 14 survivors (14336K)
 Metaspace       used 51861K, committed 52288K, reserved 262144K
  class space    used 6778K, committed 6912K, reserved 212992K
GC Heap History (16 events):
Event: 2.358 GC heap before
{Heap before GC invocations=0 (full 0):
 garbage-first heap   total 262144K, used 13312K [0x00000000e0000000, 0x0000000100000000)
  region size 1024K, 13 young (13312K), 0 survivors (0K)
 Metaspace       used 8636K, committed 8832K, reserved 221184K
  class space    used 744K, committed 832K, reserved 212992K
}
Event: 2.442 GC heap after
{Heap after GC invocations=1 (full 0):
 garbage-first heap   total 262144K, used 1024K [0x00000000e0000000, 0x0000000100000000)
  region size 1024K, 1 young (1024K), 1 survivors (1024K)
 Metaspace       used 8636K, committed 8832K, reserved 221184K
  class space    used 744K, committed 832K, reserved 212992K
}
Event: 7.534 GC heap before
{Heap before GC invocations=1 (full 0):
 garbage-first heap   total 262144K, used 22528K [0x00000000e0000000, 0x0000000100000000)
  region size 1024K, 20 young (20480K), 1 survivors (1024K)
 Metaspace       used 9475K, committed 9600K, reserved 229376K
  class space    used 828K, committed 896K, reserved 212992K
}
Event: 7.539 GC heap after
{Heap after GC invocations=2 (full 0):
 garbage-first heap   total 262144K, used 4081K [0x00000000e0000000, 0x0000000100000000)
  region size 1024K, 3 young (3072K), 3 survivors (3072K)
 Metaspace       used 9475K, committed 9600K, reserved 229376K
  class space    used 828K, committed 896K, reserved 212992K
}
Event: 26.640 GC heap before
{Heap before GC invocations=2 (full 0):
 garbage-first heap   total 262144K, used 161777K [0x00000000e0000000, 0x0000000100000000)
  region size 1024K, 153 young (156672K), 3 survivors (3072K)
 Metaspace       used 17827K, committed 18048K, reserved 229376K
  class space    used 1980K, committed 2112K, reserved 212992K
}
Event: 26.662 GC heap after
{Heap after GC invocations=3 (full 0):
 garbage-first heap   total 262144K, used 16067K [0x00000000e0000000, 0x0000000100000000)
  region size 1024K, 12 young (12288K), 12 survivors (12288K)
 Metaspace       used 17827K, committed 18048K, reserved 229376K
  class space    used 1980K, committed 2112K, reserved 212992K
}
Event: 28.970 GC heap before
{Heap before GC invocations=3 (full 0):
 garbage-first heap   total 262144K, used 73411K [0x00000000e0000000, 0x0000000100000000)
  region size 1024K, 69 young (70656K), 12 survivors (12288K)
 Metaspace       used 21225K, committed 21504K, reserved 237568K
  class space    used 2471K, committed 2624K, reserved 212992K
}
Event: 28.991 GC heap after
{Heap after GC invocations=4 (full 0):
 garbage-first heap   total 262144K, used 17575K [0x00000000e0000000, 0x0000000100000000)
  region size 1024K, 11 young (11264K), 11 survivors (11264K)
 Metaspace       used 21225K, committed 21504K, reserved 237568K
  class space    used 2471K, committed 2624K, reserved 212992K
}
Event: 32.553 GC heap before
{Heap before GC invocations=5 (full 0):
 garbage-first heap   total 262144K, used 162983K [0x00000000e0000000, 0x0000000100000000)
  region size 1024K, 153 young (156672K), 11 survivors (11264K)
 Metaspace       used 29151K, committed 29440K, reserved 245760K
  class space    used 3825K, committed 3904K, reserved 212992K
}
Event: 32.566 GC heap after
{Heap after GC invocations=6 (full 0):
 garbage-first heap   total 262144K, used 20308K [0x00000000e0000000, 0x0000000100000000)
  region size 1024K, 14 young (14336K), 14 survivors (14336K)
 Metaspace       used 29151K, committed 29440K, reserved 245760K
  class space    used 3825K, committed 3904K, reserved 212992K
}
Event: 34.931 GC heap before
{Heap before GC invocations=6 (full 0):
 garbage-first heap   total 262144K, used 144212K [0x00000000e0000000, 0x0000000100000000)
  region size 1024K, 136 young (139264K), 14 survivors (14336K)
 Metaspace       used 35636K, committed 35968K, reserved 245760K
  class space    used 4838K, committed 4992K, reserved 212992K
}
Event: 34.948 GC heap after
{Heap after GC invocations=7 (full 0):
 garbage-first heap   total 262144K, used 22009K [0x00000000e0000000, 0x0000000100000000)
  region size 1024K, 7 young (7168K), 7 survivors (7168K)
 Metaspace       used 35636K, committed 35968K, reserved 245760K
  class space    used 4838K, committed 4992K, reserved 212992K
}
Event: 37.054 GC heap before
{Heap before GC invocations=8 (full 0):
 garbage-first heap   total 262144K, used 180729K [0x00000000e0000000, 0x0000000100000000)
  region size 1024K, 153 young (156672K), 7 survivors (7168K)
 Metaspace       used 42551K, committed 42880K, reserved 253952K
  class space    used 5487K, committed 5632K, reserved 212992K
}
Event: 37.069 GC heap after
{Heap after GC invocations=9 (full 0):
 garbage-first heap   total 262144K, used 27470K [0x00000000e0000000, 0x0000000100000000)
  region size 1024K, 12 young (12288K), 12 survivors (12288K)
 Metaspace       used 42551K, committed 42880K, reserved 253952K
  class space    used 5487K, committed 5632K, reserved 212992K
}
Event: 129.835 GC heap before
{Heap before GC invocations=9 (full 0):
 garbage-first heap   total 262144K, used 173902K [0x00000000e0000000, 0x0000000100000000)
  region size 1024K, 153 young (156672K), 12 survivors (12288K)
 Metaspace       used 48980K, committed 49344K, reserved 262144K
  class space    used 6387K, committed 6528K, reserved 212992K
}
Event: 129.876 GC heap after
{Heap after GC invocations=10 (full 0):
 garbage-first heap   total 262144K, used 30785K [0x00000000e0000000, 0x0000000100000000)
  region size 1024K, 14 young (14336K), 14 survivors (14336K)
 Metaspace       used 48980K, committed 49344K, reserved 262144K
  class space    used 6387K, committed 6528K, reserved 212992K
}

